Starting merge_and_validate runner...
Working dir: /data/251227_validated_genesets 
Using baseline: genesets/curated/kinases/outputs/kinases_human.with_val_sources__251229.csv 
Processing validation source: genesets/curated/kinases/inputs/201006_composite_kinases_curated__251228.csv (ext= csv )
No suitable key found in genesets/curated/kinases/inputs/201006_composite_kinases_curated__251228.csv — skipping merge
Processing validation source: genesets/curated/kinases/inputs/201006_composite_kinases_curated__251228.csv.manifest.yml (ext= yml )
Unsupported file type: genesets/curated/kinases/inputs/201006_composite_kinases_curated__251228.csv.manifest.yml — skipping
Processing validation source: genesets/curated/kinases/inputs/201006_composite_kinases_curated__251228.csv.md5 (ext= md5 )
Unsupported file type: genesets/curated/kinases/inputs/201006_composite_kinases_curated__251228.csv.md5 — skipping
Processing validation source: genesets/curated/kinases/inputs/human_kinome__251229.csv (ext= csv )
Merged by Ensembl using ensembl_gene_id from genesets/curated/kinases/inputs/human_kinome__251229.csv 
Processing validation source: genesets/curated/kinases/inputs/human_kinome__251229.csv.md5 (ext= md5 )
Unsupported file type: genesets/curated/kinases/inputs/human_kinome__251229.csv.md5 — skipping
Processing validation source: genesets/curated/kinases/inputs/KinHub.html (ext= html )
Parsing KinHub HTML and creating kinases/kinhub_mapping_raw.tsv
Wrote genesets/curated/kinases/val_sources/kinhub_mapping_raw.tsv (rows: 536 )
KinHub merge runner error: Sources baseline kinases_human.csv not found — expected kinases/kinases_human.csv or genesets/curated/kinases/outputs/kinases_human__*.csv 
Processing validation source: genesets/curated/kinases/inputs/Manning_tableS1__251228.csv (ext= csv )
Merged by gene symbol using Name from genesets/curated/kinases/inputs/Manning_tableS1__251228.csv 
Processing validation source: genesets/curated/kinases/inputs/Manning_tableS1__251228.csv.manifest.yml (ext= yml )
Unsupported file type: genesets/curated/kinases/inputs/Manning_tableS1__251228.csv.manifest.yml — skipping
Processing validation source: genesets/curated/kinases/inputs/Manning_tableS1__251228.csv.md5 (ext= md5 )
Unsupported file type: genesets/curated/kinases/inputs/Manning_tableS1__251228.csv.md5 — skipping
Processing validation source: genesets/curated/kinases/inputs/Manning_tableS1__251228.csv.md5.manifest.yml (ext= yml )
Unsupported file type: genesets/curated/kinases/inputs/Manning_tableS1__251228.csv.md5.manifest.yml — skipping
Processing validation source: genesets/curated/kinases/inputs/Manning_tableS1__251228.xls (ext= xls )
Merged Excel by gene symbol using Name from genesets/curated/kinases/inputs/Manning_tableS1__251228.xls 
Processing validation source: genesets/curated/kinases/inputs/Manning_tableS1__251228.xls.manifest.yml (ext= yml )
Unsupported file type: genesets/curated/kinases/inputs/Manning_tableS1__251228.xls.manifest.yml — skipping
Processing validation source: genesets/curated/kinases/inputs/Manning_tableS1__251228.xls.md5 (ext= md5 )
Unsupported file type: genesets/curated/kinases/inputs/Manning_tableS1__251228.xls.md5 — skipping
Processing validation source: genesets/curated/kinases/inputs/Manning_tableS1__251228.xls.md5.manifest.yml (ext= yml )
Unsupported file type: genesets/curated/kinases/inputs/Manning_tableS1__251228.xls.md5.manifest.yml — skipping
Error in fwrite(merged, outf) : 
  No such file or directory: 'kinases/kinases_human.with_val_sources.csv'. Unable to create new file for writing (it does not exist already). Do you have permission to write here, is there space on the disk and does the path exist?
Calls: source -> withVisible -> eval -> eval -> fwrite
In addition: Warning message:
In merge.data.table(merged, dt, by.x = "external_gene_name", by.y = kcol,  :
  column names [Protein.vs] are duplicated in the result
Execution halted
